#
# A fatal error has been detected by the Java Runtime Environment:
#
#  SIGSEGV (0xb) at pc=0xb5824fad, pid=2875, tid=3077692272
#
# JRE version: 6.0_20-b20
# Java VM: OpenJDK Client VM (19.0-b09 mixed mode, sharing linux-x86 )
# Derivative: IcedTea6 1.9.5
# Distribution: Ubuntu 10.10, package 6b20-1.9.5-0ubuntu1
# Problematic frame:
# J  com.sun.tools.javac.jvm.Code$State.push(Lcom/sun/tools/javac/code/Type;)V
#
# If you would like to submit a bug report, please include
# instructions how to reproduce the bug and visit:
#   https://bugs.launchpad.net/ubuntu/+source/openjdk-6/
#

---------------  T H R E A D  ---------------

Current thread (0x09b56000):  JavaThread "main" [_thread_in_Java, id=2876, stack(0xb76cd000,0xb771e000)]

siginfo:si_signo=SIGSEGV: si_errno=0, si_code=128 (), si_addr=0x00000000

Registers:
EAX=0x00000000, EBX=0x8fb8d540, ECX=0x706edd30, EDX=0x7adc3818
ESP=0xb771c640, EBP=0xb771c6e8, ESI=0x706e78e0, EDI=0xb5824f90
EIP=0xb5824fad, CR2=0x00000000, EFLAGS=0x00210246

Register to memory mapping:

EAX=0x00000000
0x00000000 is pointing to unknown location

EBX=0x8fb8d540
{method} 
 - klass: {other class}

ECX=0x706edd30
com.sun.tools.javac.jvm.Code$State 
 - klass: 'com/sun/tools/javac/jvm/Code$State'

EDX=0x7adc3818
com.sun.tools.javac.code.Type 
 - klass: 'com/sun/tools/javac/code/Type'

ESP=0xb771c640
0xb771c640 is pointing into the stack for thread: 0x09b56000
"main" prio=10 tid=0x09b56000 nid=0xb3c runnable [0x00000000]
   java.lang.Thread.State: RUNNABLE

EBP=0xb771c6e8
0xb771c6e8 is pointing into the stack for thread: 0x09b56000
"main" prio=10 tid=0x09b56000 nid=0xb3c runnable [0x00000000]
   java.lang.Thread.State: RUNNABLE

ESI=0x706e78e0
com.sun.tools.javac.jvm.Code 
 - klass: 'com/sun/tools/javac/jvm/Code'

EDI=0xb5824f90
[CodeBlob (0xb5824d88)]
Framesize: 28


Top of Stack: (sp=0xb771c640)
0xb771c640:   00000000 8fb89340 00000000 b771c660
0xb771c650:   b771c6e8 b58225dc b771c6e8 b58228b0
0xb771c660:   00000278 7ae74188 7adc3818 706edd30
0xb771c670:   b771c69c 8fac3478 00000000 8fabb3f8
0xb771c680:   706e78e0 0000000e 00000000 00000003
0xb771c690:   b771c690 8fb94848 b771c6bc 8fb979a0
0xb771c6a0:   00000000 8fb949c8 b771c6e8 b56cfe21
0xb771c6b0:   b771c6f0 012e3911 00000000 b56cfe21 

Instructions: (pc=0xb5824fad)
0xb5824f9d:   24 2c 89 54 24 28 8b 71 1c 0f be 46 28 83 f8 00
0xb5824fad:   0f 84 7a 02 00 00 be 48 c7 2e 94 8b 9e 58 01 00 

Stack: [0xb76cd000,0xb771e000],  sp=0xb771c640,  free space=317k
Native frames: (J=compiled Java code, j=interpreted, Vv=VM code, C=native code)
J  com.sun.tools.javac.jvm.Code$State.push(Lcom/sun/tools/javac/code/Type;)V
j  com.sun.tools.javac.jvm.Items$ImmediateItem.load()Lcom/sun/tools/javac/jvm/Items$Item;+308
j  com.sun.tools.javac.jvm.Gen.visitAssign(Lcom/sun/tools/javac/tree/JCTree$JCAssign;)V+31
j  com.sun.tools.javac.tree.JCTree$JCAssign.accept(Lcom/sun/tools/javac/tree/JCTree$Visitor;)V+2
J  com.sun.tools.javac.jvm.Gen.genExpr(Lcom/sun/tools/javac/tree/JCTree;Lcom/sun/tools/javac/code/Type;)Lcom/sun/tools/javac/jvm/Items$Item;
J  com.sun.tools.javac.tree.JCTree$JCExpressionStatement.accept(Lcom/sun/tools/javac/tree/JCTree$Visitor;)V
j  com.sun.tools.javac.jvm.Gen.genStat(Lcom/sun/tools/javac/tree/JCTree;Lcom/sun/tools/javac/comp/Env;)V+24
j  com.sun.tools.javac.jvm.Gen.genStat(Lcom/sun/tools/javac/tree/JCTree;Lcom/sun/tools/javac/comp/Env;I)V+10
j  com.sun.tools.javac.jvm.Gen.genStats(Lcom/sun/tools/javac/util/List;Lcom/sun/tools/javac/comp/Env;)V+19
j  com.sun.tools.javac.jvm.Gen.visitBlock(Lcom/sun/tools/javac/tree/JCTree$JCBlock;)V+30
j  com.sun.tools.javac.tree.JCTree$JCBlock.accept(Lcom/sun/tools/javac/tree/JCTree$Visitor;)V+2
j  com.sun.tools.javac.jvm.Gen.genDef(Lcom/sun/tools/javac/tree/JCTree;Lcom/sun/tools/javac/comp/Env;)V+12
j  com.sun.tools.javac.jvm.Gen.genStat(Lcom/sun/tools/javac/tree/JCTree;Lcom/sun/tools/javac/comp/Env;)V+24
j  com.sun.tools.javac.jvm.Gen.genStat(Lcom/sun/tools/javac/tree/JCTree;Lcom/sun/tools/javac/comp/Env;I)V+10
j  com.sun.tools.javac.jvm.Gen.visitIf(Lcom/sun/tools/javac/tree/JCTree$JCIf;)V+109
j  com.sun.tools.javac.tree.JCTree$JCIf.accept(Lcom/sun/tools/javac/tree/JCTree$Visitor;)V+2
j  com.sun.tools.javac.jvm.Gen.genDef(Lcom/sun/tools/javac/tree/JCTree;Lcom/sun/tools/javac/comp/Env;)V+12
j  com.sun.tools.javac.jvm.Gen.genStat(Lcom/sun/tools/javac/tree/JCTree;Lcom/sun/tools/javac/comp/Env;)V+24
j  com.sun.tools.javac.jvm.Gen.genStat(Lcom/sun/tools/javac/tree/JCTree;Lcom/sun/tools/javac/comp/Env;I)V+10
j  com.sun.tools.javac.jvm.Gen.genStats(Lcom/sun/tools/javac/util/List;Lcom/sun/tools/javac/comp/Env;)V+19
j  com.sun.tools.javac.jvm.Gen.visitBlock(Lcom/sun/tools/javac/tree/JCTree$JCBlock;)V+30
j  com.sun.tools.javac.tree.JCTree$JCBlock.accept(Lcom/sun/tools/javac/tree/JCTree$Visitor;)V+2
j  com.sun.tools.javac.jvm.Gen.genDef(Lcom/sun/tools/javac/tree/JCTree;Lcom/sun/tools/javac/comp/Env;)V+12
j  com.sun.tools.javac.jvm.Gen.genStat(Lcom/sun/tools/javac/tree/JCTree;Lcom/sun/tools/javac/comp/Env;)V+24
j  com.sun.tools.javac.jvm.Gen.genMethod(Lcom/sun/tools/javac/tree/JCTree$JCMethodDecl;Lcom/sun/tools/javac/comp/Env;Z)V+118
j  com.sun.tools.javac.jvm.Gen.visitMethodDef(Lcom/sun/tools/javac/tree/JCTree$JCMethodDecl;)V+55
j  com.sun.tools.javac.tree.JCTree$JCMethodDecl.accept(Lcom/sun/tools/javac/tree/JCTree$Visitor;)V+2
j  com.sun.tools.javac.jvm.Gen.genDef(Lcom/sun/tools/javac/tree/JCTree;Lcom/sun/tools/javac/comp/Env;)V+12
j  com.sun.tools.javac.jvm.Gen.genClass(Lcom/sun/tools/javac/comp/Env;Lcom/sun/tools/javac/tree/JCTree$JCClassDecl;)Z+148
j  com.sun.tools.javac.main.JavaCompiler.genCode(Lcom/sun/tools/javac/comp/Env;Lcom/sun/tools/javac/tree/JCTree$JCClassDecl;)Ljavax/tools/JavaFileObject;+6
j  com.sun.tools.javac.main.JavaCompiler.generate(Ljava/util/Queue;Ljava/util/Queue;)V+258
j  com.sun.tools.javac.main.JavaCompiler.generate(Ljava/util/Queue;)V+3
j  com.sun.tools.javac.main.JavaCompiler.compile2()V+186
j  com.sun.tools.javac.main.JavaCompiler.compile(Lcom/sun/tools/javac/util/List;Lcom/sun/tools/javac/util/List;Ljava/lang/Iterable;)V+86
j  com.sun.tools.javac.main.Main.compile([Ljava/lang/String;Lcom/sun/tools/javac/util/Context;Lcom/sun/tools/javac/util/List;Ljava/lang/Iterable;)I+471
j  com.sun.tools.javac.main.Main.compile([Ljava/lang/String;Lcom/sun/tools/javac/util/Context;)I+7
j  com.sun.tools.javac.main.Main.compile([Ljava/lang/String;)I+15
j  com.sun.tools.javac.Main.compile([Ljava/lang/String;)I+12
j  com.sun.tools.javac.Main.main([Ljava/lang/String;)V+97
v  ~StubRoutines::call_stub
V  [libjvm.so+0x203db2]
V  [libjvm.so+0x302879]
V  [libjvm.so+0x202d4f]
V  [libjvm.so+0x20d9f4]
V  [libjvm.so+0x2277cd]
C  [javac+0x3a8d]  JavaMain+0xd2d
C  [libpthread.so.0+0x5cc9]


---------------  P R O C E S S  ---------------

Java Threads: ( => current thread )
  0xb4e00800 JavaThread "Low Memory Detector" daemon [_thread_blocked, id=2882, stack(0xb4daf000,0xb4e00000)]
  0x09b8f400 JavaThread "CompilerThread0" daemon [_thread_blocked, id=2881, stack(0xb4c9c000,0xb4d1d000)]
  0x09b8d800 JavaThread "Signal Dispatcher" daemon [_thread_blocked, id=2880, stack(0xb4f1d000,0xb4f6e000)]
  0x09b89400 JavaThread "Finalizer" daemon [_thread_blocked, id=2879, stack(0xb516e000,0xb51bf000)]
  0x09b84800 JavaThread "Reference Handler" daemon [_thread_blocked, id=2878, stack(0xb51bf000,0xb5210000)]
=>0x09b56000 JavaThread "main" [_thread_in_Java, id=2876, stack(0xb76cd000,0xb771e000)]

Other Threads:
  0x09b83000 VMThread [stack: 0xb5210000,0xb5291000] [id=2877]
  0xb4e03000 WatcherThread [stack: 0xb4d2e000,0xb4daf000] [id=2883]

VM state:synchronizing (normal execution)

VM Mutex/Monitor currently owned by a thread:  ([mutex/lock_event])
[0x09b53cb8] Safepoint_lock - owner thread: 0x09b83000
[0x09b53d20] Threads_lock - owner thread: 0x09b83000

Heap
 def new generation   total 4480K, used 517K [0x706e0000, 0x70bb0000, 0x7ace0000)
  eden space 4032K,   1% used [0x706e0000, 0x706f16f0, 0x70ad0000)
  from space 448K, 100% used [0x70b40000, 0x70bb0000, 0x70bb0000)
  to   space 448K,   0% used [0x70ad0000, 0x70ad0000, 0x70b40000)
 tenured generation   total 9816K, used 9283K [0x7ace0000, 0x7b676000, 0x8f8e0000)
   the space 9816K,  94% used [0x7ace0000, 0x7b5f0f28, 0x7b5f1000, 0x7b676000)
 compacting perm gen  total 12288K, used 2801K [0x8f8e0000, 0x904e0000, 0x938e0000)
   the space 12288K,  22% used [0x8f8e0000, 0x8fb9c6e0, 0x8fb9c800, 0x904e0000)
    ro space 10240K,  73% used [0x938e0000, 0x94036e28, 0x94037000, 0x942e0000)
    rw space 12288K,  60% used [0x942e0000, 0x94a1f9f8, 0x94a1fa00, 0x94ee0000)

Dynamic libraries:
00110000-0011b000 r-xp 00000000 08:06 1882       /usr/lib/jvm/java-6-openjdk/jre/lib/i386/libverify.so
0011b000-0011c000 ---p 0000b000 08:06 1882       /usr/lib/jvm/java-6-openjdk/jre/lib/i386/libverify.so
0011c000-0011d000 r--p 0000b000 08:06 1882       /usr/lib/jvm/java-6-openjdk/jre/lib/i386/libverify.so
0011d000-0011e000 rw-p 0000c000 08:06 1882       /usr/lib/jvm/java-6-openjdk/jre/lib/i386/libverify.so
0011e000-00140000 r-xp 00000000 08:06 1835       /usr/lib/jvm/java-6-openjdk/jre/lib/i386/libjava.so
00140000-00141000 r--p 00021000 08:06 1835       /usr/lib/jvm/java-6-openjdk/jre/lib/i386/libjava.so
00141000-00143000 rw-p 00022000 08:06 1835       /usr/lib/jvm/java-6-openjdk/jre/lib/i386/libjava.so
00143000-00156000 r-xp 00000000 08:06 229101     /lib/libnsl-2.12.1.so
00156000-00157000 r--p 00012000 08:06 229101     /lib/libnsl-2.12.1.so
00157000-00158000 rw-p 00013000 08:06 229101     /lib/libnsl-2.12.1.so
00158000-0015a000 rw-p 00000000 00:00 0 
0015a000-00160000 r-xp 00000000 08:06 229106     /lib/libnss_compat-2.12.1.so
00160000-00161000 r--p 00006000 08:06 229106     /lib/libnss_compat-2.12.1.so
00161000-00162000 rw-p 00007000 08:06 229106     /lib/libnss_compat-2.12.1.so
00162000-0016b000 r-xp 00000000 08:06 229116     /lib/libnss_nis-2.12.1.so
0016b000-0016c000 r--p 00008000 08:06 229116     /lib/libnss_nis-2.12.1.so
0016c000-0016d000 rw-p 00009000 08:06 229116     /lib/libnss_nis-2.12.1.so
001f3000-001f4000 r-xp 00000000 00:00 0          [vdso]
001f4000-0034b000 r-xp 00000000 08:06 229092     /lib/libc-2.12.1.so
0034b000-0034d000 r--p 00157000 08:06 229092     /lib/libc-2.12.1.so
0034d000-0034e000 rw-p 00159000 08:06 229092     /lib/libc-2.12.1.so
0034e000-00351000 rw-p 00000000 00:00 0 
00513000-0051a000 r-xp 00000000 08:06 229127     /lib/librt-2.12.1.so
0051a000-0051b000 r--p 00006000 08:06 229127     /lib/librt-2.12.1.so
0051b000-0051c000 rw-p 00007000 08:06 229127     /lib/librt-2.12.1.so
0057b000-00581000 r-xp 00000000 08:06 1886       /usr/lib/jvm/java-6-openjdk/jre/lib/i386/native_threads/libhpi.so
00581000-00582000 r--p 00005000 08:06 1886       /usr/lib/jvm/java-6-openjdk/jre/lib/i386/native_threads/libhpi.so
00582000-00583000 rw-p 00006000 08:06 1886       /usr/lib/jvm/java-6-openjdk/jre/lib/i386/native_threads/libhpi.so
00660000-0067c000 r-xp 00000000 08:06 229089     /lib/ld-2.12.1.so
0067c000-0067d000 r--p 0001b000 08:06 229089     /lib/ld-2.12.1.so
0067d000-0067e000 rw-p 0001c000 08:06 229089     /lib/ld-2.12.1.so
008aa000-008b0000 r-xp 00000000 08:06 1885       /usr/lib/jvm/java-6-openjdk/jre/lib/i386/libzip.so
008b0000-008b1000 r--p 00005000 08:06 1885       /usr/lib/jvm/java-6-openjdk/jre/lib/i386/libzip.so
008b1000-008b2000 rw-p 00006000 08:06 1885       /usr/lib/jvm/java-6-openjdk/jre/lib/i386/libzip.so
008dc000-008e6000 r-xp 00000000 08:06 229112     /lib/libnss_files-2.12.1.so
008e6000-008e7000 r--p 00009000 08:06 229112     /lib/libnss_files-2.12.1.so
008e7000-008e8000 rw-p 0000a000 08:06 229112     /lib/libnss_files-2.12.1.so
00b5e000-00b73000 r-xp 00000000 08:06 229122     /lib/libpthread-2.12.1.so
00b73000-00b74000 ---p 00015000 08:06 229122     /lib/libpthread-2.12.1.so
00b74000-00b75000 r--p 00015000 08:06 229122     /lib/libpthread-2.12.1.so
00b75000-00b76000 rw-p 00016000 08:06 229122     /lib/libpthread-2.12.1.so
00b76000-00b78000 rw-p 00000000 00:00 0 
00c87000-00c9a000 r-xp 00000000 08:06 132445     /lib/libz.so.1.2.3.4
00c9a000-00c9b000 r--p 00012000 08:06 132445     /lib/libz.so.1.2.3.4
00c9b000-00c9c000 rw-p 00013000 08:06 132445     /lib/libz.so.1.2.3.4
00d62000-00d65000 r-xp 00000000 08:06 1823       /usr/lib/jvm/java-6-openjdk/jre/lib/i386/jli/libjli.so
00d65000-00d66000 r--p 00002000 08:06 1823       /usr/lib/jvm/java-6-openjdk/jre/lib/i386/jli/libjli.so
00d66000-00d67000 rw-p 00003000 08:06 1823       /usr/lib/jvm/java-6-openjdk/jre/lib/i386/jli/libjli.so
00d92000-00db6000 r-xp 00000000 08:06 229098     /lib/libm-2.12.1.so
00db6000-00db7000 r--p 00023000 08:06 229098     /lib/libm-2.12.1.so
00db7000-00db8000 rw-p 00024000 08:06 229098     /lib/libm-2.12.1.so
00f93000-00f95000 r-xp 00000000 08:06 229096     /lib/libdl-2.12.1.so
00f95000-00f96000 r--p 00001000 08:06 229096     /lib/libdl-2.12.1.so
00f96000-00f97000 rw-p 00002000 08:06 229096     /lib/libdl-2.12.1.so
00f97000-013de000 r-xp 00000000 08:06 669        /usr/lib/jvm/java-6-openjdk/jre/lib/i386/client/libjvm.so
013de000-013f5000 r--p 00447000 08:06 669        /usr/lib/jvm/java-6-openjdk/jre/lib/i386/client/libjvm.so
013f5000-01402000 rw-p 0045e000 08:06 669        /usr/lib/jvm/java-6-openjdk/jre/lib/i386/client/libjvm.so
01402000-0181e000 rw-p 00000000 00:00 0 
08048000-08051000 r-xp 00000000 08:06 6624       /usr/lib/jvm/java-6-openjdk/bin/javac
08051000-08052000 r--p 00008000 08:06 6624       /usr/lib/jvm/java-6-openjdk/bin/javac
08052000-08053000 rw-p 00009000 08:06 6624       /usr/lib/jvm/java-6-openjdk/bin/javac
09b4f000-09ec1000 rw-p 00000000 00:00 0          [heap]
706e0000-70bb0000 rw-p 00000000 00:00 0 
70bb0000-7ace0000 rw-p 00000000 00:00 0 
7ace0000-7b676000 rw-p 00000000 00:00 0 
7b676000-8f8e0000 rw-p 00000000 00:00 0 
8f8e0000-904e0000 rw-p 00000000 00:00 0 
904e0000-938e0000 rw-p 00000000 00:00 0 
938e0000-94037000 r--s 00001000 08:06 885        /usr/lib/jvm/java-6-openjdk/jre/lib/i386/client/classes.jsa
94037000-942e0000 rw-p 00000000 00:00 0 
942e0000-94a20000 rw-p 00758000 08:06 885        /usr/lib/jvm/java-6-openjdk/jre/lib/i386/client/classes.jsa
94a20000-94ee0000 rw-p 00000000 00:00 0 
94ee0000-94fdb000 rw-p 00e98000 08:06 885        /usr/lib/jvm/java-6-openjdk/jre/lib/i386/client/classes.jsa
94fdb000-952e0000 rw-p 00000000 00:00 0 
952e0000-952e8000 r-xs 00f93000 08:06 885        /usr/lib/jvm/java-6-openjdk/jre/lib/i386/client/classes.jsa
952e8000-956e0000 rw-p 00000000 00:00 0 
b4c3d000-b4c9c000 r--s 00d86000 08:06 506        /usr/lib/jvm/java-6-openjdk/lib/tools.jar
b4c9c000-b4c9f000 ---p 00000000 00:00 0 
b4c9f000-b4d1d000 rw-p 00000000 00:00 0 
b4d2e000-b4d2f000 ---p 00000000 00:00 0 
b4d2f000-b4daf000 rw-p 00000000 00:00 0 
b4daf000-b4db2000 ---p 00000000 00:00 0 
b4db2000-b4e00000 rw-p 00000000 00:00 0 
b4e00000-b4ec9000 rw-p 00000000 00:00 0 
b4ec9000-b4f00000 ---p 00000000 00:00 0 
b4f15000-b4f1d000 r--s 00066000 08:06 529950     /usr/share/java/gnome-java-bridge.jar
b4f1d000-b4f20000 ---p 00000000 00:00 0 
b4f20000-b4f6e000 rw-p 00000000 00:00 0 
b4f6e000-b516e000 r--p 00000000 08:06 390350     /usr/lib/locale/locale-archive
b516e000-b5171000 ---p 00000000 00:00 0 
b5171000-b51bf000 rw-p 00000000 00:00 0 
b51bf000-b51c2000 ---p 00000000 00:00 0 
b51c2000-b5210000 rw-p 00000000 00:00 0 
b5210000-b5211000 ---p 00000000 00:00 0 
b5211000-b5291000 rw-p 00000000 00:00 0 
b5291000-b5293000 r--s 0001d000 08:06 6381       /usr/lib/jvm/java-6-openjdk/jre/lib/plugin.jar
b5293000-b5298000 r--s 00044000 08:06 6379       /usr/lib/jvm/java-6-openjdk/jre/lib/netx.jar
b5298000-b52ca000 rw-p 00000000 00:00 0 
b52ca000-b5459000 r--s 038bb000 08:06 668        /usr/lib/jvm/java-6-openjdk/jre/lib/rt.jar
b5459000-b5467000 rw-p 00000000 00:00 0 
b5467000-b5481000 rw-p 00000000 00:00 0 
b5481000-b5486000 rw-p 00000000 00:00 0 
b5486000-b5528000 rw-p 00000000 00:00 0 
b5528000-b552b000 rw-p 00000000 00:00 0 
b552b000-b557b000 rw-p 00000000 00:00 0 
b557b000-b5580000 rw-p 00000000 00:00 0 
b5580000-b5621000 rw-p 00000000 00:00 0 
b5621000-b5627000 rw-p 00000000 00:00 0 
b5627000-b5641000 rw-p 00000000 00:00 0 
b5641000-b5653000 rw-p 00000000 00:00 0 
b5653000-b56cd000 rw-p 00000000 00:00 0 
b56cd000-b582d000 rwxp 00000000 00:00 0 
b582d000-b76cd000 rw-p 00000000 00:00 0 
b76cd000-b76d0000 ---p 00000000 00:00 0 
b76d0000-b7721000 rw-p 00000000 00:00 0 
b7721000-b7724000 r--s 0000f000 08:06 5476       /usr/lib/jvm/java-6-openjdk/jre/lib/ext/pulse-java.jar
b7724000-b7725000 r--p 0029c000 08:06 390350     /usr/lib/locale/locale-archive
b7725000-b772b000 rw-p 00000000 00:00 0 
b772b000-b7733000 rw-s 00000000 08:06 130925     /tmp/hsperfdata_devendra/2875
b7733000-b7734000 rw-p 00000000 00:00 0 
b7734000-b7735000 ---p 00000000 00:00 0 
b7735000-b7737000 rw-p 00000000 00:00 0 
bfe58000-bfe79000 rw-p 00000000 00:00 0          [stack]

VM Arguments:
jvm_args: -Dapplication.home=/usr/lib/jvm/java-6-openjdk -Xms8m 
java_command: com.sun.tools.javac.Main Bidirectionalblock.java BlockData.java BlockDirectionInInterval.java BlockInterval.java Block.java BlockScheduler.java ChangeTimeTable.java FreightSim.java GlobalVar.java GradientEffectDown.java GradientEffect.java GradientEffectUp.java GradientFormat.java Gradient.java GraphFrame.java GraphPanel.java GraphPaper.java HashBlockEntry.java IntervalArray.java Interval.java Link.java Loop.java MainInterface.java NextBlockArray.java PassengerDelayFormat.java PassengerDelay.java PassengerTrain.java ProgressBarDemo.java ReadSection.java ReferenceTableEntry.java Reports.java RunTimeReturn.java SchedulerFactory.java SelectFiles.java SignalFailSpeedRestriction.java SignalFailureFormat.java SignalFailure.java Signal.java simStart.java SimulatorException.java SortStation.java SortTinyBlock.java SortTrain.java SpeedRestrictionFormat.java SpeedRestriction.java Station.java StatusTraverseBlock.java StatusTraversePath.java TimeTableEntry.java TinyBlockFormat.java TinyBlock.java TrainData.java Train.java TrainRunTime.java TryComp.java VelocityCalculate.java Velocity.java VelocityProfileArray.java VelocityProfile.java WarnerBlock.java WarnerLoop.java
Launcher Type: SUN_STANDARD

Environment Variables:
PATH=/usr/local/sbin:/usr/local/bin:/usr/sbin:/usr/bin:/sbin:/bin:/usr/games
USERNAME=devendra
LD_LIBRARY_PATH=/usr/lib/jvm/java-6-openjdk/jre/lib/i386/client:/usr/lib/jvm/java-6-openjdk/jre/lib/i386:/usr/lib/jvm/java-6-openjdk/jre/../lib/i386
SHELL=/bin/bash
DISPLAY=:0.0

Signal Handlers:
SIGSEGV: [libjvm.so+0x3df4f0], sa_mask[0]=0x7ffbfeff, sa_flags=0x10000004
SIGBUS: [libjvm.so+0x3df4f0], sa_mask[0]=0x7ffbfeff, sa_flags=0x10000004
SIGFPE: [libjvm.so+0x3055c0], sa_mask[0]=0x7ffbfeff, sa_flags=0x10000004
SIGPIPE: [libjvm.so+0x3055c0], sa_mask[0]=0x7ffbfeff, sa_flags=0x10000004
SIGXFSZ: [libjvm.so+0x3055c0], sa_mask[0]=0x7ffbfeff, sa_flags=0x10000004
SIGILL: [libjvm.so+0x3055c0], sa_mask[0]=0x7ffbfeff, sa_flags=0x10000004
SIGUSR1: SIG_DFL, sa_mask[0]=0x00000000, sa_flags=0x00000000
SIGUSR2: [libjvm.so+0x304c70], sa_mask[0]=0x00000000, sa_flags=0x10000004
SIGHUP: [libjvm.so+0x3077e0], sa_mask[0]=0x7ffbfeff, sa_flags=0x10000004
SIGINT: [libjvm.so+0x3077e0], sa_mask[0]=0x7ffbfeff, sa_flags=0x10000004
SIGTERM: [libjvm.so+0x3077e0], sa_mask[0]=0x7ffbfeff, sa_flags=0x10000004
SIGQUIT: [libjvm.so+0x3077e0], sa_mask[0]=0x7ffbfeff, sa_flags=0x10000004


---------------  S Y S T E M  ---------------

OS:Ubuntu 10.10 (maverick)
uname:Linux 2.6.35-25-generic #44-Ubuntu SMP Fri Jan 21 17:40:48 UTC 2011 i686
libc:glibc 2.12.1 NPTL 2.12.1 
rlimit: STACK 8192k, CORE 0k, NPROC infinity, NOFILE 1024, AS infinity
load average:0.34 0.43 0.45

/proc/meminfo:
MemTotal:        1017284 kB
MemFree:           26216 kB
Buffers:          109028 kB
Cached:           294764 kB
SwapCached:          112 kB
Active:           472352 kB
Inactive:         460228 kB
Active(anon):     312388 kB
Inactive(anon):   302756 kB
Active(file):     159964 kB
Inactive(file):   157472 kB
Unevictable:           0 kB
Mlocked:               0 kB
HighTotal:        130760 kB
HighFree:            240 kB
LowTotal:         886524 kB
LowFree:           25976 kB
SwapTotal:       1951740 kB
SwapFree:        1949848 kB
Dirty:              1108 kB
Writeback:             0 kB
AnonPages:        528776 kB
Mapped:            94280 kB
Shmem:             86408 kB
Slab:              27596 kB
SReclaimable:      13588 kB
SUnreclaim:        14008 kB
KernelStack:        2768 kB
PageTables:         7852 kB
NFS_Unstable:          0 kB
Bounce:                0 kB
WritebackTmp:          0 kB
CommitLimit:     2460380 kB
Committed_AS:    2068660 kB
VmallocTotal:     122880 kB
VmallocUsed:       24128 kB
VmallocChunk:      89676 kB
HardwareCorrupted:     0 kB
HugePages_Total:       0
HugePages_Free:        0
HugePages_Rsvd:        0
HugePages_Surp:        0
Hugepagesize:       4096 kB
DirectMap4k:       16376 kB
DirectMap4M:      892928 kB


CPU:total 2 (2 cores per cpu, 1 threads per core) family 6 model 15 stepping 10, cmov, cx8, fxsr, mmx, sse, sse2, sse3, ssse3

Memory: 4k page, physical 1017284k(26216k free), swap 1951740k(1949848k free)

vm_info: OpenJDK Client VM (19.0-b09) for linux-x86 JRE (1.6.0_20-b20), built on Jan 27 2011 22:47:50 by "buildd" with gcc 4.4.5

time: Mon Jun 13 09:21:09 2011
elapsed time: 4 seconds

